  Source.cpp
c:\users\administrador\desktop\arkanoid-raylib\project1\src\source.cpp(250): warning C4244: 'función': conversión de 'int' a 'float'; posible pérdida de datos
c:\users\administrador\desktop\arkanoid-raylib\project1\src\source.cpp(271): warning C4244: 'función': conversión de 'int' a 'float'; posible pérdida de datos
c:\users\administrador\desktop\arkanoid-raylib\project1\src\source.cpp(274): warning C4244: '*=': conversión de 'double' a 'int'; posible pérdida de datos
c:\users\administrador\desktop\arkanoid-raylib\project1\src\source.cpp(280): warning C4244: 'función': conversión de 'int' a 'float'; posible pérdida de datos
c:\users\administrador\desktop\arkanoid-raylib\project1\src\source.cpp(287): warning C4244: 'función': conversión de 'int' a 'float'; posible pérdida de datos
c:\users\administrador\desktop\arkanoid-raylib\project1\src\source.cpp(310): warning C4244: 'función': conversión de 'int' a 'float'; posible pérdida de datos
c:\users\administrador\desktop\arkanoid-raylib\project1\src\source.cpp(325): warning C4244: 'función': conversión de 'int' a 'float'; posible pérdida de datos
c:\users\administrador\desktop\arkanoid-raylib\project1\src\source.cpp(338): warning C4244: 'función': conversión de 'int' a 'float'; posible pérdida de datos
c:\users\administrador\desktop\arkanoid-raylib\project1\src\source.cpp(352): warning C4244: 'función': conversión de 'int' a 'float'; posible pérdida de datos
c:\users\administrador\desktop\arkanoid-raylib\project1\src\source.cpp(410): warning C4244: '=': conversión de 'int' a 'float'; posible pérdida de datos
c:\users\administrador\desktop\arkanoid-raylib\project1\src\source.cpp(417): warning C4244: 'función': conversión de 'float' a 'int'; posible pérdida de datos
c:\users\administrador\desktop\arkanoid-raylib\project1\src\source.cpp(420): warning C4244: 'función': conversión de 'float' a 'int'; posible pérdida de datos
c:\users\administrador\desktop\arkanoid-raylib\project1\src\source.cpp(423): warning C4244: 'función': conversión de 'float' a 'int'; posible pérdida de datos
c:\users\administrador\desktop\arkanoid-raylib\project1\src\source.cpp(434): warning C4244: '=': conversión de 'int' a 'float'; posible pérdida de datos
c:\users\administrador\desktop\arkanoid-raylib\project1\src\source.cpp(441): warning C4244: 'función': conversión de 'float' a 'int'; posible pérdida de datos
c:\users\administrador\desktop\arkanoid-raylib\project1\src\source.cpp(444): warning C4244: 'función': conversión de 'float' a 'int'; posible pérdida de datos
c:\users\administrador\desktop\arkanoid-raylib\project1\src\source.cpp(447): warning C4244: 'función': conversión de 'float' a 'int'; posible pérdida de datos
c:\users\administrador\desktop\arkanoid-raylib\project1\src\source.cpp(457): warning C4244: '=': conversión de 'int' a 'float'; posible pérdida de datos
c:\users\administrador\desktop\arkanoid-raylib\project1\src\source.cpp(465): warning C4244: 'función': conversión de 'float' a 'int'; posible pérdida de datos
c:\users\administrador\desktop\arkanoid-raylib\project1\src\source.cpp(468): warning C4244: 'función': conversión de 'float' a 'int'; posible pérdida de datos
c:\users\administrador\desktop\arkanoid-raylib\project1\src\source.cpp(471): warning C4244: 'función': conversión de 'float' a 'int'; posible pérdida de datos
c:\users\administrador\desktop\arkanoid-raylib\project1\src\source.cpp(495): warning C4244: '=': conversión de 'int' a 'float'; posible pérdida de datos
c:\users\administrador\desktop\arkanoid-raylib\project1\src\source.cpp(496): warning C4244: '=': conversión de 'int' a 'float'; posible pérdida de datos
c:\users\administrador\desktop\arkanoid-raylib\project1\src\source.cpp(497): warning C4244: 'función': conversión de 'int' a 'float'; posible pérdida de datos
c:\users\administrador\desktop\arkanoid-raylib\project1\src\source.cpp(500): warning C4244: '=': conversión de 'int' a 'float'; posible pérdida de datos
c:\users\administrador\desktop\arkanoid-raylib\project1\src\source.cpp(501): warning C4244: '=': conversión de 'int' a 'float'; posible pérdida de datos
c:\users\administrador\desktop\arkanoid-raylib\project1\src\source.cpp(502): warning C4244: 'función': conversión de 'int' a 'float'; posible pérdida de datos
c:\users\administrador\desktop\arkanoid-raylib\project1\src\source.cpp(505): warning C4244: '=': conversión de 'int' a 'float'; posible pérdida de datos
c:\users\administrador\desktop\arkanoid-raylib\project1\src\source.cpp(506): warning C4244: '=': conversión de 'int' a 'float'; posible pérdida de datos
c:\users\administrador\desktop\arkanoid-raylib\project1\src\source.cpp(507): warning C4244: 'función': conversión de 'int' a 'float'; posible pérdida de datos
c:\users\administrador\desktop\arkanoid-raylib\project1\src\source.cpp(510): warning C4244: '=': conversión de 'int' a 'float'; posible pérdida de datos
c:\users\administrador\desktop\arkanoid-raylib\project1\src\source.cpp(511): warning C4244: '=': conversión de 'int' a 'float'; posible pérdida de datos
c:\users\administrador\desktop\arkanoid-raylib\project1\src\source.cpp(512): warning C4244: 'función': conversión de 'int' a 'float'; posible pérdida de datos
c:\users\administrador\desktop\arkanoid-raylib\project1\src\source.cpp(528): warning C4244: 'función': conversión de 'float' a 'int'; posible pérdida de datos
c:\users\administrador\desktop\arkanoid-raylib\project1\src\source.cpp(532): warning C4244: 'función': conversión de 'float' a 'int'; posible pérdida de datos
c:\users\administrador\desktop\arkanoid-raylib\project1\src\source.cpp(536): warning C4244: 'función': conversión de 'float' a 'int'; posible pérdida de datos
c:\users\administrador\desktop\arkanoid-raylib\project1\src\source.cpp(540): warning C4244: 'función': conversión de 'float' a 'int'; posible pérdida de datos
c:\users\administrador\desktop\arkanoid-raylib\project1\src\source.cpp(549): warning C4244: 'función': conversión de 'float' a 'int'; posible pérdida de datos
c:\users\administrador\desktop\arkanoid-raylib\project1\src\source.cpp(553): warning C4244: 'función': conversión de 'float' a 'int'; posible pérdida de datos
c:\users\administrador\desktop\arkanoid-raylib\project1\src\source.cpp(557): warning C4244: 'función': conversión de 'float' a 'int'; posible pérdida de datos
c:\users\administrador\desktop\arkanoid-raylib\project1\src\source.cpp(560): warning C4244: 'función': conversión de 'int' a 'float'; posible pérdida de datos
c:\users\administrador\desktop\arkanoid-raylib\project1\src\source.cpp(146): warning C4305: 'inicializando': truncamiento de 'double' a 'const float'
c:\users\administrador\desktop\arkanoid-raylib\project1\src\source.cpp(154): warning C4244: 'inicializando': conversión de 'int' a 'float'; posible pérdida de datos
c:\users\administrador\desktop\arkanoid-raylib\project1\src\source.cpp(156): warning C4244: 'inicializando': conversión de 'int' a 'float'; posible pérdida de datos
  Generando código
  1 of 2 functions (50.0%) were compiled, the rest were copied from previous compilation.
    0 functions were new in current compilation
    0 functions had inline decision re-evaluated but remain unchanged
  Generación de código finalizada
  Project1.vcxproj -> C:\Users\Administrador\Desktop\arkanoid-raylib\Project1\bin\Release\Arkanoid.exe
  ¿C:\Users\Administrador\Desktop\arkanoid-raylib\Project1\bin\Release\Assets especifica un archivo
  o un directorio como destino
  (F = archivo, D = directorio)? ¬
  ¿C:\Users\Administrador\Desktop\arkanoid-raylib\Project1\bin\Release\Assets especifica un archivo
  o un directorio como destino
  (F = archivo, D = directorio)? C:\Users\Administrador\Desktop\arkanoid-raylib\Project1\libs\raylib\bin\raylib.dll
  1 archivo(s) copiado(s)
